23:34:29 INFO  : Registering command handlers for SDK TCF services
23:34:29 INFO  : Launching XSCT server: xsct.bat -interactive C:\Users\ME\Vivado_Projects\vivado_finalproject\vivado_finalproject.sdk\temp_xsdb_launch_script.tcl
23:34:31 INFO  : XSCT server has started successfully.
23:34:31 INFO  : Successfully done setting XSCT server connection channel  
23:34:32 INFO  : Successfully done setting SDK workspace  
23:35:49 INFO  : Registering command handlers for SDK TCF services
23:35:50 INFO  : Launching XSCT server: xsct.bat -interactive C:\Users\ME\Vivado_Projects\vivado_finalproject\vivado_finalproject.sdk\temp_xsdb_launch_script.tcl
23:35:52 INFO  : XSCT server has started successfully.
23:35:52 INFO  : Successfully done setting XSCT server connection channel  
23:35:52 INFO  : Processing command line option -hwspec C:/Users/ME/Vivado_Projects/vivado_finalproject/vivado_finalproject.sdk/nexysA7fpga.hdf.
23:35:52 INFO  : Successfully done setting SDK workspace  
23:48:52 ERROR : (XSDB Server)ERROR: [Hsi 55-1545] Problem running tcl command ::sw_intc_v3_7::generate : can't read "source_name(4)": no such element in array
    while executing
"string compare -nocase $source_name($i) "system""
    ("foreach" body line 18)
    invoked from within
"foreach periph $periphs {
        #update global array of Interrupt sources for this periph
        intc_update_source_array $periph

        lappend ..."
    (procedure "xredefine_intc" line 21)
    invoked from within
"xredefine_intc $drv_handle $file_handle"
    (procedure "xdefine_canonical_xpars" line 72)
    invoked from within
"xdefine_canonical_xpars $drv_handle "xparameters.h" "Intc" "DEVICE_ID" "C_BASEADDR" "C_HIGHADDR" "C_KIND_OF_INTR" "C_HAS_FAST" "C_IVAR_RESET_VALUE" "C..."
    (procedure "::sw_intc_v3_7::generate" line 57)
    invoked from within
"::sw_intc_v3_7::generate microblaze_0_axi_intc"

23:48:52 ERROR : (XSDB Server)ERROR: [Hsi 55-1442] Error(s) while running TCL procedure generate()

23:48:52 ERROR : (XSDB Server)ERROR: [Hsi 55-1450] Error: running generate_bsp.

23:48:52 ERROR : Error generating bsp sources: Failed in generating sources
23:48:52 ERROR : Failed to generate sources for BSP project freertos10_xilinx_bsp_0
org.eclipse.core.runtime.CoreException: Internal error occurred while generating bsp sources. Please check the SDK Log view for further details.
	at com.xilinx.sdk.sw.ui.handlers.RegenBspSourcesHandler.internalGenerateBsp(RegenBspSourcesHandler.java:178)
	at com.xilinx.sdk.sw.ui.handlers.RegenBspSourcesHandler.access$2(RegenBspSourcesHandler.java:163)
	at com.xilinx.sdk.sw.ui.handlers.RegenBspSourcesHandler$1$1.run(RegenBspSourcesHandler.java:131)
	at org.eclipse.core.internal.resources.Workspace.run(Workspace.java:2240)
	at org.eclipse.core.internal.resources.Workspace.run(Workspace.java:2267)
	at com.xilinx.sdk.sw.ui.handlers.RegenBspSourcesHandler$1.run(RegenBspSourcesHandler.java:135)
	at org.eclipse.jface.operation.ModalContext$ModalContextThread.run(ModalContext.java:119)
00:05:39 INFO  : SDK has detected change in the last modified timestamps for source hardware specification file Source:1590995022515,  Project:1590992561481
00:05:39 INFO  : Project nexysA7fpga_hw_platform_0's source hardware specification located at C:/Users/ME/Vivado_Projects/vivado_finalproject/vivado_finalproject.sdk/nexysA7fpga.hdf is now different from the local copy.
		 The local copy will be replaced with the source specification and your workspace will be updated.
00:05:42 INFO  : Copied contents of C:/Users/ME/Vivado_Projects/vivado_finalproject/vivado_finalproject.sdk/nexysA7fpga.hdf into \nexysA7fpga_hw_platform_0\system.hdf.
00:05:42 INFO  : Synchronizing projects in the workspace with the hardware platform specification changes.
00:05:44 INFO  : 
00:05:44 INFO  : Clearing existing target manager status.
00:05:44 INFO  : Closing and re-opening the MSS file of ther project freertos10_xilinx_bsp_0
00:05:45 INFO  : Workspace synchronized with the new hardware specification file. Cleaning dependent projects...
00:05:45 WARN  : Linker script will not be updated automatically. Users need to update it manually.
01:07:43 INFO  : Successfully generated C:\Users\ME\Vivado_Projects\vivado_finalproject\vivado_finalproject.sdk\vivado_finalproject\src\lscript.ld.
01:07:43 INFO  : Applying linker script to all configurations of project vivado_finalproject.
01:07:43 INFO  : Setting rebuild state to true for all configurations of project vivado_finalproject.
02:23:55 INFO  : Connected to target on host '127.0.0.1' and port '3121'.
02:24:02 INFO  : 'targets -set -filter {jtag_cable_name =~ "Digilent Nexys A7 -50T 210292AA7EAAA" && level==0} -index 0' command is executed.
02:24:03 INFO  : FPGA configured successfully with bitstream "C:/Users/ME/Vivado_Projects/vivado_finalproject/vivado_finalproject.sdk/nexysA7fpga_hw_platform_0/download.bit"
02:24:42 INFO  : 'targets -set -filter {jtag_cable_name =~ "Digilent Nexys A7 -50T 210292AA7EAAA" && level==0} -index 0' command is executed.
02:24:42 INFO  : 'fpga -state' command is executed.
02:24:42 INFO  : Connected to target on host '127.0.0.1' and port '3121'.
02:24:42 INFO  : Jtag cable 'Digilent Nexys A7 -50T 210292AA7EAAA' is selected.
02:24:42 INFO  : 'jtag frequency' command is executed.
02:24:42 INFO  : 'configparams mdm-detect-bscan-mask 2' command is executed.
02:24:42 INFO  : Context for processor 'microblaze_0' is selected.
02:24:42 INFO  : Processor reset is completed for 'microblaze_0'.
02:24:42 INFO  : Context for processor 'microblaze_0' is selected.
02:24:42 INFO  : The application 'C:/Users/ME/Vivado_Projects/vivado_finalproject/vivado_finalproject.sdk/vivado_finalproject/Debug/vivado_finalproject.elf' is downloaded to processor 'microblaze_0'.
02:24:42 INFO  : ----------------XSDB Script----------------
connect -url tcp:127.0.0.1:3121
configparams mdm-detect-bscan-mask 2
targets -set -nocase -filter {name =~ "microblaze*#0" && bscan=="USER2"  && jtag_cable_name =~ "Digilent Nexys A7 -50T 210292AA7EAAA"} -index 0
rst -processor
targets -set -nocase -filter {name =~ "microblaze*#0" && bscan=="USER2"  && jtag_cable_name =~ "Digilent Nexys A7 -50T 210292AA7EAAA"} -index 0
dow C:/Users/ME/Vivado_Projects/vivado_finalproject/vivado_finalproject.sdk/vivado_finalproject/Debug/vivado_finalproject.elf
----------------End of Script----------------

02:29:35 INFO  : Refreshed build settings on project vivado_finalproject
02:32:29 ERROR : Failed to closesw "C:/Users/ME/Vivado_Projects/vivado_finalproject/vivado_finalproject.sdk/freertos10_xilinx_bsp_0/system.mss"
Reason: Cannot close sw design 'C:/Users/ME/Vivado_Projects/vivado_finalproject/vivado_finalproject.sdk/freertos10_xilinx_bsp_0/system.mss'.
Design is not opened in the current session.


02:33:17 INFO  : No changes in MSS file content so not generating sources.
02:33:32 INFO  : Inferring section assignments and sizes from elf file: C:\Users\ME\Vivado_Projects\vivado_finalproject\vivado_finalproject.sdk\vivado_finalproject\Debug\vivado_finalproject.elf
02:33:35 INFO  : Successfully generated C:\Users\ME\Vivado_Projects\vivado_finalproject\vivado_finalproject.sdk\vivado_finalproject\src\lscript.ld.
02:33:35 INFO  : Applying linker script to all configurations of project vivado_finalproject.
02:33:35 INFO  : Setting rebuild state to true for all configurations of project vivado_finalproject.
02:33:55 INFO  : Successfully generated C:\Users\ME\Vivado_Projects\vivado_finalproject\vivado_finalproject.sdk\vivado_finalproject\src\lscript.ld.
02:33:55 INFO  : Applying linker script to all configurations of project vivado_finalproject.
02:33:55 INFO  : Setting rebuild state to true for all configurations of project vivado_finalproject.
02:34:06 INFO  : Successfully generated C:\Users\ME\Vivado_Projects\vivado_finalproject\vivado_finalproject.sdk\vivado_finalproject\src\lscript.ld.
02:34:06 INFO  : Applying linker script to all configurations of project vivado_finalproject.
02:34:06 INFO  : Setting rebuild state to true for all configurations of project vivado_finalproject.
02:34:29 INFO  : Successfully generated C:\Users\ME\Vivado_Projects\vivado_finalproject\vivado_finalproject.sdk\vivado_finalproject\src\lscript.ld.
02:34:29 INFO  : Applying linker script to all configurations of project vivado_finalproject.
02:34:29 INFO  : Setting rebuild state to true for all configurations of project vivado_finalproject.
02:34:58 INFO  : Inferring section assignments and sizes from elf file: C:\Users\ME\Vivado_Projects\vivado_finalproject\vivado_finalproject.sdk\vivado_finalproject\Debug\vivado_finalproject.elf
02:35:02 INFO  : Successfully generated C:\Users\ME\Vivado_Projects\vivado_finalproject\vivado_finalproject.sdk\vivado_finalproject\src\lscript.ld.
02:35:02 INFO  : Applying linker script to all configurations of project vivado_finalproject.
02:35:02 INFO  : Setting rebuild state to true for all configurations of project vivado_finalproject.
02:35:20 INFO  : Disconnected from the channel tcfchan#1.
02:35:21 INFO  : 'targets -set -filter {jtag_cable_name =~ "Digilent Nexys A7 -50T 210292AA7EAAA" && level==0} -index 0' command is executed.
02:35:21 INFO  : 'fpga -state' command is executed.
02:35:21 INFO  : Connected to target on host '127.0.0.1' and port '3121'.
02:35:21 INFO  : Jtag cable 'Digilent Nexys A7 -50T 210292AA7EAAA' is selected.
02:35:21 INFO  : 'jtag frequency' command is executed.
02:35:21 INFO  : 'configparams mdm-detect-bscan-mask 2' command is executed.
02:35:21 INFO  : Context for processor 'microblaze_0' is selected.
02:35:21 INFO  : Processor reset is completed for 'microblaze_0'.
02:35:21 INFO  : Context for processor 'microblaze_0' is selected.
02:35:21 INFO  : The application 'C:/Users/ME/Vivado_Projects/vivado_finalproject/vivado_finalproject.sdk/vivado_finalproject/Debug/vivado_finalproject.elf' is downloaded to processor 'microblaze_0'.
02:35:21 INFO  : ----------------XSDB Script----------------
connect -url tcp:127.0.0.1:3121
configparams mdm-detect-bscan-mask 2
targets -set -nocase -filter {name =~ "microblaze*#0" && bscan=="USER2"  && jtag_cable_name =~ "Digilent Nexys A7 -50T 210292AA7EAAA"} -index 0
rst -processor
targets -set -nocase -filter {name =~ "microblaze*#0" && bscan=="USER2"  && jtag_cable_name =~ "Digilent Nexys A7 -50T 210292AA7EAAA"} -index 0
dow C:/Users/ME/Vivado_Projects/vivado_finalproject/vivado_finalproject.sdk/vivado_finalproject/Debug/vivado_finalproject.elf
----------------End of Script----------------

02:38:45 INFO  : Disconnected from the channel tcfchan#2.
02:38:46 INFO  : Connected to target on host '127.0.0.1' and port '3121'.
02:38:46 INFO  : Jtag cable 'Digilent Nexys A7 -50T 210292AA7EAAA' is selected.
02:38:46 INFO  : 'jtag frequency' command is executed.
02:38:47 INFO  : 'targets -set -filter {jtag_cable_name =~ "Digilent Nexys A7 -50T 210292AA7EAAA" && level==0} -index 0' command is executed.
02:38:48 INFO  : FPGA configured successfully with bitstream "C:/Users/ME/Vivado_Projects/vivado_finalproject/vivado_finalproject.sdk/nexysA7fpga_hw_platform_0/download.bit"
02:38:48 INFO  : 'configparams mdm-detect-bscan-mask 2' command is executed.
02:38:48 INFO  : Context for processor 'microblaze_0' is selected.
02:38:48 INFO  : System reset is completed.
02:38:51 INFO  : 'after 3000' command is executed.
02:38:51 INFO  : Context for processor 'microblaze_0' is selected.
02:38:51 INFO  : The application 'C:/Users/ME/Vivado_Projects/vivado_finalproject/vivado_finalproject.sdk/vivado_finalproject/Debug/vivado_finalproject.elf' is downloaded to processor 'microblaze_0'.
02:38:51 INFO  : ----------------XSDB Script----------------
connect -url tcp:127.0.0.1:3121
targets -set -filter {jtag_cable_name =~ "Digilent Nexys A7 -50T 210292AA7EAAA" && level==0} -index 0
fpga -file C:/Users/ME/Vivado_Projects/vivado_finalproject/vivado_finalproject.sdk/nexysA7fpga_hw_platform_0/download.bit
configparams mdm-detect-bscan-mask 2
targets -set -nocase -filter {name =~ "microblaze*#0" && bscan=="USER2"  && jtag_cable_name =~ "Digilent Nexys A7 -50T 210292AA7EAAA"} -index 0
rst -system
after 3000
targets -set -nocase -filter {name =~ "microblaze*#0" && bscan=="USER2"  && jtag_cable_name =~ "Digilent Nexys A7 -50T 210292AA7EAAA"} -index 0
dow C:/Users/ME/Vivado_Projects/vivado_finalproject/vivado_finalproject.sdk/vivado_finalproject/Debug/vivado_finalproject.elf
----------------End of Script----------------

02:39:12 INFO  : Disconnected from the channel tcfchan#3.
02:39:13 INFO  : Connected to target on host '127.0.0.1' and port '3121'.
02:39:13 INFO  : Jtag cable 'Digilent Nexys A7 -50T 210292AA7EAAA' is selected.
02:39:13 INFO  : 'jtag frequency' command is executed.
02:39:13 INFO  : 'targets -set -filter {jtag_cable_name =~ "Digilent Nexys A7 -50T 210292AA7EAAA" && level==0} -index 0' command is executed.
02:39:15 INFO  : FPGA configured successfully with bitstream "C:/Users/ME/Vivado_Projects/vivado_finalproject/vivado_finalproject.sdk/nexysA7fpga_hw_platform_0/download.bit"
02:39:15 INFO  : 'configparams mdm-detect-bscan-mask 2' command is executed.
02:39:15 INFO  : Context for processor 'microblaze_0' is selected.
02:39:15 INFO  : System reset is completed.
02:39:18 INFO  : 'after 3000' command is executed.
02:39:18 INFO  : Context for processor 'microblaze_0' is selected.
02:39:18 INFO  : The application 'C:/Users/ME/Vivado_Projects/vivado_finalproject/vivado_finalproject.sdk/vivado_finalproject/Debug/vivado_finalproject.elf' is downloaded to processor 'microblaze_0'.
02:39:18 INFO  : ----------------XSDB Script----------------
connect -url tcp:127.0.0.1:3121
targets -set -filter {jtag_cable_name =~ "Digilent Nexys A7 -50T 210292AA7EAAA" && level==0} -index 0
fpga -file C:/Users/ME/Vivado_Projects/vivado_finalproject/vivado_finalproject.sdk/nexysA7fpga_hw_platform_0/download.bit
configparams mdm-detect-bscan-mask 2
targets -set -nocase -filter {name =~ "microblaze*#0" && bscan=="USER2"  && jtag_cable_name =~ "Digilent Nexys A7 -50T 210292AA7EAAA"} -index 0
rst -system
after 3000
targets -set -nocase -filter {name =~ "microblaze*#0" && bscan=="USER2"  && jtag_cable_name =~ "Digilent Nexys A7 -50T 210292AA7EAAA"} -index 0
dow C:/Users/ME/Vivado_Projects/vivado_finalproject/vivado_finalproject.sdk/vivado_finalproject/Debug/vivado_finalproject.elf
----------------End of Script----------------

02:42:21 INFO  : Disconnected from the channel tcfchan#4.
02:42:22 INFO  : Connected to target on host '127.0.0.1' and port '3121'.
02:42:22 INFO  : Jtag cable 'Digilent Nexys A7 -50T 210292AA7EAAA' is selected.
02:42:22 INFO  : 'jtag frequency' command is executed.
02:42:22 INFO  : 'targets -set -filter {jtag_cable_name =~ "Digilent Nexys A7 -50T 210292AA7EAAA" && level==0} -index 0' command is executed.
02:42:23 INFO  : FPGA configured successfully with bitstream "C:/Users/ME/Vivado_Projects/vivado_finalproject/vivado_finalproject.sdk/nexysA7fpga_hw_platform_0/download.bit"
02:42:24 INFO  : 'configparams mdm-detect-bscan-mask 2' command is executed.
02:42:24 INFO  : Context for processor 'microblaze_0' is selected.
02:42:24 INFO  : System reset is completed.
02:42:27 INFO  : 'after 3000' command is executed.
02:42:27 INFO  : Context for processor 'microblaze_0' is selected.
02:42:27 INFO  : The application 'C:/Users/ME/Vivado_Projects/vivado_finalproject/vivado_finalproject.sdk/vivado_finalproject/Debug/vivado_finalproject.elf' is downloaded to processor 'microblaze_0'.
02:42:27 INFO  : ----------------XSDB Script----------------
connect -url tcp:127.0.0.1:3121
targets -set -filter {jtag_cable_name =~ "Digilent Nexys A7 -50T 210292AA7EAAA" && level==0} -index 0
fpga -file C:/Users/ME/Vivado_Projects/vivado_finalproject/vivado_finalproject.sdk/nexysA7fpga_hw_platform_0/download.bit
configparams mdm-detect-bscan-mask 2
targets -set -nocase -filter {name =~ "microblaze*#0" && bscan=="USER2"  && jtag_cable_name =~ "Digilent Nexys A7 -50T 210292AA7EAAA"} -index 0
rst -system
after 3000
targets -set -nocase -filter {name =~ "microblaze*#0" && bscan=="USER2"  && jtag_cable_name =~ "Digilent Nexys A7 -50T 210292AA7EAAA"} -index 0
dow C:/Users/ME/Vivado_Projects/vivado_finalproject/vivado_finalproject.sdk/vivado_finalproject/Debug/vivado_finalproject.elf
----------------End of Script----------------

02:51:33 INFO  : Refreshed build settings on project vivado_finalproject
02:53:06 ERROR : Failed to regenerate sources for BSP project freertos10_xilinx_bsp_0
org.eclipse.core.internal.resources.ResourceException: Problems encountered while deleting resources.
	at org.eclipse.core.internal.resources.Resource.delete(Resource.java:795)
	at org.eclipse.core.internal.resources.Resource.delete(Resource.java:750)
	at com.xilinx.sdk.sw.ui.handlers.RegenBspSourcesHandler.internalGenerateBsp(RegenBspSourcesHandler.java:170)
	at com.xilinx.sdk.sw.ui.handlers.RegenBspSourcesHandler.access$2(RegenBspSourcesHandler.java:163)
	at com.xilinx.sdk.sw.ui.handlers.RegenBspSourcesHandler$1$1.run(RegenBspSourcesHandler.java:131)
	at org.eclipse.core.internal.resources.Workspace.run(Workspace.java:2240)
	at org.eclipse.core.internal.resources.Workspace.run(Workspace.java:2267)
	at com.xilinx.sdk.sw.ui.handlers.RegenBspSourcesHandler$1.run(RegenBspSourcesHandler.java:135)
	at org.eclipse.jface.operation.ModalContext$ModalContextThread.run(ModalContext.java:119)
Contains: Could not delete '/freertos10_xilinx_bsp_0/microblaze_0'.
org.eclipse.core.internal.resources.ResourceException: Problems encountered while deleting resources.
	at org.eclipse.core.internal.localstore.FileSystemResourceManager.delete(FileSystemResourceManager.java:370)
	at org.eclipse.core.internal.resources.ResourceTree.internalDeleteFolder(ResourceTree.java:358)
	at org.eclipse.core.internal.resources.ResourceTree.standardDeleteFolder(ResourceTree.java:810)
	at org.eclipse.core.internal.resources.Resource.unprotectedDelete(Resource.java:1832)
	at org.eclipse.core.internal.resources.Resource.delete(Resource.java:782)
	at org.eclipse.core.internal.resources.Resource.delete(Resource.java:750)
	at com.xilinx.sdk.sw.ui.handlers.RegenBspSourcesHandler.internalGenerateBsp(RegenBspSourcesHandler.java:170)
	at com.xilinx.sdk.sw.ui.handlers.RegenBspSourcesHandler.access$2(RegenBspSourcesHandler.java:163)
	at com.xilinx.sdk.sw.ui.handlers.RegenBspSourcesHandler$1$1.run(RegenBspSourcesHandler.java:131)
	at org.eclipse.core.internal.resources.Workspace.run(Workspace.java:2240)
	at org.eclipse.core.internal.resources.Workspace.run(Workspace.java:2267)
	at com.xilinx.sdk.sw.ui.handlers.RegenBspSourcesHandler$1.run(RegenBspSourcesHandler.java:135)
	at org.eclipse.jface.operation.ModalContext$ModalContextThread.run(ModalContext.java:119)
Contains: Problems encountered while deleting files.
Contains: Could not delete: C:\Users\ME\Vivado_Projects\vivado_finalproject\vivado_finalproject.sdk\freertos10_xilinx_bsp_0\microblaze_0\include\xil_testcache.h.
java.nio.file.FileSystemException: C:\Users\ME\Vivado_Projects\vivado_finalproject\vivado_finalproject.sdk\freertos10_xilinx_bsp_0\microblaze_0\include\xil_testcache.h: The process cannot access the file because it is being used by another process.

	at sun.nio.fs.WindowsException.translateToIOException(WindowsException.java:86)
	at sun.nio.fs.WindowsException.rethrowAsIOException(WindowsException.java:97)
	at sun.nio.fs.WindowsException.rethrowAsIOException(WindowsException.java:102)
	at sun.nio.fs.WindowsFileSystemProvider.implDelete(WindowsFileSystemProvider.java:269)
	at sun.nio.fs.AbstractFileSystemProvider.deleteIfExists(AbstractFileSystemProvider.java:108)
	at java.nio.file.Files.deleteIfExists(Files.java:1165)
	at org.eclipse.core.internal.filesystem.local.LocalFile.internalDelete(LocalFile.java:218)
	at org.eclipse.core.internal.filesystem.local.LocalFile.internalDelete(LocalFile.java:238)
	at org.eclipse.core.internal.filesystem.local.LocalFile.internalDelete(LocalFile.java:238)
	at org.eclipse.core.internal.filesystem.local.LocalFile.delete(LocalFile.java:136)
	at org.eclipse.core.internal.localstore.DeleteVisitor.delete(DeleteVisitor.java:63)
	at org.eclipse.core.internal.localstore.DeleteVisitor.visit(DeleteVisitor.java:151)
	at org.eclipse.core.internal.localstore.UnifiedTree.accept(UnifiedTree.java:111)
	at org.eclipse.core.internal.localstore.FileSystemResourceManager.delete(FileSystemResourceManager.java:367)
	at org.eclipse.core.internal.resources.ResourceTree.internalDeleteFolder(ResourceTree.java:358)
	at org.eclipse.core.internal.resources.ResourceTree.standardDeleteFolder(ResourceTree.java:810)
	at org.eclipse.core.internal.resources.Resource.unprotectedDelete(Resource.java:1832)
	at org.eclipse.core.internal.resources.Resource.delete(Resource.java:782)
	at org.eclipse.core.internal.resources.Resource.delete(Resource.java:750)
	at com.xilinx.sdk.sw.ui.handlers.RegenBspSourcesHandler.internalGenerateBsp(RegenBspSourcesHandler.java:170)
	at com.xilinx.sdk.sw.ui.handlers.RegenBspSourcesHandler.access$2(RegenBspSourcesHandler.java:163)
	at com.xilinx.sdk.sw.ui.handlers.RegenBspSourcesHandler$1$1.run(RegenBspSourcesHandler.java:131)
	at org.eclipse.core.internal.resources.Workspace.run(Workspace.java:2240)
	at org.eclipse.core.internal.resources.Workspace.run(Workspace.java:2267)
	at com.xilinx.sdk.sw.ui.handlers.RegenBspSourcesHandler$1.run(RegenBspSourcesHandler.java:135)
	at org.eclipse.jface.operation.ModalContext$ModalContextThread.run(ModalContext.java:119)
Contains: Could not delete: C:\Users\ME\Vivado_Projects\vivado_finalproject\vivado_finalproject.sdk\freertos10_xilinx_bsp_0\microblaze_0\include.
Contains: Could not delete: C:\Users\ME\Vivado_Projects\vivado_finalproject\vivado_finalproject.sdk\freertos10_xilinx_bsp_0\microblaze_0.
02:57:58 INFO  : Refreshed build settings on project vivado_finalproject
